0 info it worked if it ends with ok
1 verbose cli [ '/Users/tkqubo/.nvm/versions/node/v6.11.3/bin/node',
1 verbose cli   '/Users/tkqubo/.nvm/versions/node/v6.11.3/bin/npm',
1 verbose cli   'start' ]
2 info using npm@3.10.10
3 info using node@v6.11.3
4 verbose run-script [ 'prestart', 'start', 'poststart' ]
5 info lifecycle codeclimate-tslint@0.8.1~prestart: codeclimate-tslint@0.8.1
6 silly lifecycle codeclimate-tslint@0.8.1~prestart: no script for prestart, continuing
7 info lifecycle codeclimate-tslint@0.8.1~start: codeclimate-tslint@0.8.1
8 verbose lifecycle codeclimate-tslint@0.8.1~start: unsafe-perm in lifecycle true
9 verbose lifecycle codeclimate-tslint@0.8.1~start: PATH: /Users/tkqubo/.nvm/versions/node/v6.11.3/lib/node_modules/npm/bin/node-gyp-bin:/Users/tkqubo/Repositories/qubo/codeclimate-tslint/node_modules/.bin:/Users/tkqubo/.nvm/versions/node/v6.11.3/bin:/usr/local/bin:/usr/local/mysql/bin:/opt/local/bin:/opt/local/sbin/:/usr/local/bin:/usr/local/mysql/bin:/opt/local/bin:/opt/local/sbin/:/usr/local/bin:/usr/local/mysql/bin:/opt/local/bin:/opt/local/sbin/:/usr/local/bin:/usr/bin:/bin:/usr/sbin:/sbin:/opt/ImageMagick/bin:/Library/Frameworks/Mono.framework/Versions/Current/Commands:/Library/TeX/texbin:/Users/tkqubo/Library/Python/2.7/bin:/Users/tkqubo/Library/Python/2.7/bin:/Users/tkqubo/Library/Python/2.7/bin
10 verbose lifecycle codeclimate-tslint@0.8.1~start: CWD: /Users/tkqubo/Repositories/qubo/codeclimate-tslint
11 silly lifecycle codeclimate-tslint@0.8.1~start: Args: [ '-c', 'npm run build && npm run docker' ]
12 silly lifecycle codeclimate-tslint@0.8.1~start: Returned: code: 1  signal: null
13 info lifecycle codeclimate-tslint@0.8.1~start: Failed to exec start script
14 verbose stack Error: codeclimate-tslint@0.8.1 start: `npm run build && npm run docker`
14 verbose stack Exit status 1
14 verbose stack     at EventEmitter.<anonymous> (/Users/tkqubo/.nvm/versions/node/v6.11.3/lib/node_modules/npm/lib/utils/lifecycle.js:255:16)
14 verbose stack     at emitTwo (events.js:106:13)
14 verbose stack     at EventEmitter.emit (events.js:191:7)
14 verbose stack     at ChildProcess.<anonymous> (/Users/tkqubo/.nvm/versions/node/v6.11.3/lib/node_modules/npm/lib/utils/spawn.js:40:14)
14 verbose stack     at emitTwo (events.js:106:13)
14 verbose stack     at ChildProcess.emit (events.js:191:7)
14 verbose stack     at maybeClose (internal/child_process.js:920:16)
14 verbose stack     at Process.ChildProcess._handle.onexit (internal/child_process.js:230:5)
15 verbose pkgid codeclimate-tslint@0.8.1
16 verbose cwd /Users/tkqubo/Repositories/qubo/codeclimate-tslint
17 error Darwin 16.7.0
18 error argv "/Users/tkqubo/.nvm/versions/node/v6.11.3/bin/node" "/Users/tkqubo/.nvm/versions/node/v6.11.3/bin/npm" "start"
19 error node v6.11.3
20 error npm  v3.10.10
21 error code ELIFECYCLE
22 error codeclimate-tslint@0.8.1 start: `npm run build && npm run docker`
22 error Exit status 1
23 error Failed at the codeclimate-tslint@0.8.1 start script 'npm run build && npm run docker'.
23 error Make sure you have the latest version of node.js and npm installed.
23 error If you do, this is most likely a problem with the codeclimate-tslint package,
23 error not with npm itself.
23 error Tell the author that this fails on your system:
23 error     npm run build && npm run docker
23 error You can get information on how to open an issue for this project with:
23 error     npm bugs codeclimate-tslint
23 error Or if that isn't available, you can get their info via:
23 error     npm owner ls codeclimate-tslint
23 error There is likely additional logging output above.
24 verbose exit [ 1, true ]
